22:00:51 - Inicia el proceso de backup.
22:00:51 - ARCHIVO DESTINO: /root/vgtp/etc_bkp_20230601.tar.gz.
22:00:51 - Archivo Log: /root/vgtp/etc_bkp_20230601.log.
22:00:51 - Comprimiendo archivo: 
/etc/
/etc/protocols
/etc/group.org
/etc/gai.conf
/etc/modules-load.d/
/etc/modules-load.d/modules.conf
/etc/inputrc
/etc/securetty
/etc/postfix/
/etc/postfix/main.cf.proto
/etc/postfix/makedefs.out
/etc/postfix/postfix-script
/etc/postfix/postfix-files
/etc/postfix/sasl/
/etc/postfix/post-install
/etc/postfix/master.cf
/etc/postfix/dynamicmaps.cf.d/
/etc/postfix/master.cf.proto
/etc/postfix/main.cf
/etc/postfix/postfix-files.d/
/etc/postfix/dynamicmaps.cf
/etc/grub.d/
/etc/grub.d/40_custom
/etc/grub.d/00_header
/etc/grub.d/30_uefi-firmware
/etc/grub.d/README
/etc/grub.d/30_os-prober
/etc/grub.d/05_debian_theme
/etc/grub.d/41_custom
/etc/grub.d/10_linux
/etc/grub.d/20_linux_xen
/etc/console-setup/
/etc/console-setup/compose.ARMSCII-8.inc
/etc/console-setup/compose.ISO-8859-6.inc
/etc/console-setup/remap.inc
/etc/console-setup/compose.CP1251.inc
/etc/console-setup/compose.ISO-8859-16.inc
/etc/console-setup/compose.GEORGIAN-ACADEMY.inc
/etc/console-setup/compose.IBM1133.inc
/etc/console-setup/cached_setup_keyboard.sh
/etc/console-setup/compose.ISO-8859-15.inc
/etc/console-setup/cached_setup_font.sh
/etc/console-setup/compose.ISO-8859-1.inc
/etc/console-setup/compose.ISO-8859-11.inc
/etc/console-setup/compose.ISO-8859-10.inc
/etc/console-setup/compose.ISO-8859-4.inc
/etc/console-setup/cached_UTF-8_del.kmap.gz
/etc/console-setup/compose.CP1255.inc
/etc/console-setup/cached_Lat15-Fixed16.psf.gz
/etc/console-setup/compose.ISO-8859-5.inc
/etc/console-setup/compose.ISIRI-3342.inc
/etc/console-setup/compose.ISO-8859-2.inc
/etc/console-setup/compose.ISO-8859-14.inc
/etc/console-setup/compose.ISO-8859-7.inc
/etc/console-setup/compose.GEORGIAN-PS.inc
/etc/console-setup/compose.ISO-8859-3.inc
/etc/console-setup/compose.KOI8-R.inc
/etc/console-setup/compose.CP1256.inc
/etc/console-setup/compose.KOI8-U.inc
/etc/console-setup/compose.VISCII.inc
/etc/console-setup/compose.ISO-8859-8.inc
/etc/console-setup/cached_setup_terminal.sh
/etc/console-setup/compose.TIS-620.inc
/etc/console-setup/compose.ISO-8859-9.inc
/etc/console-setup/compose.ISO-8859-13.inc
/etc/ca-certificates.conf
/etc/magic.mime
/etc/sysctl.conf
/etc/apparmor/
/etc/apparmor/parser.conf
/etc/rsyslog.conf
/etc/network/
/etc/network/if-pre-up.d/
/etc/network/if-pre-up.d/wireless-tools
/etc/network/if-pre-up.d/wpasupplicant
/etc/network/if-down.d/
/etc/network/if-down.d/postfix
/etc/network/if-down.d/wpasupplicant
/etc/network/if-down.d/avahi-autoipd
/etc/network/interfaces
/etc/network/if-up.d/
/etc/network/if-up.d/postfix
/etc/network/if-up.d/wpasupplicant
/etc/network/if-up.d/avahi-autoipd
/etc/network/if-post-down.d/
/etc/network/if-post-down.d/wireless-tools
/etc/network/if-post-down.d/wpasupplicant
/etc/network/interfaces.d/
/etc/mailname
/etc/libpaper.d/
/etc/kernel-img.conf
/etc/alternatives/
/etc/alternatives/lzmore
/etc/alternatives/vi.da.1.gz
/etc/alternatives/editor
/etc/alternatives/movemail.1.gz
/etc/alternatives/rlogin.1.gz
/etc/alternatives/rmt.8.gz
/etc/alternatives/write.1.gz
/etc/alternatives/ex.fr.1.gz
/etc/alternatives/lzdiff.1.gz
/etc/alternatives/phar
/etc/alternatives/vi.de.1.gz
/etc/alternatives/write
/etc/alternatives/iptables-restore
/etc/alternatives/traceroute.sbin
/etc/alternatives/pico
/etc/alternatives/view.da.1.gz
/etc/alternatives/lzmore.1.gz
/etc/alternatives/messages
/etc/alternatives/lzma.1.gz
/etc/alternatives/ex.ja.1.gz
/etc/alternatives/rcp
/etc/alternatives/regulatory.db.p7s
/etc/alternatives/tcptraceroute.8.gz
/etc/alternatives/dotlock
/etc/alternatives/mecab-dictionary
/etc/alternatives/ebtables
/etc/alternatives/frm
/etc/alternatives/traceroute
/etc/alternatives/w
/etc/alternatives/awk
/etc/alternatives/my.cnf
/etc/alternatives/view.1.gz
/etc/alternatives/rvim
/etc/alternatives/arptables
/etc/alternatives/ex.it.1.gz
/etc/alternatives/unlzma
/etc/alternatives/phar.phar
/etc/alternatives/rcp.1.gz
/etc/alternatives/view.fr.1.gz
/etc/alternatives/rmt
/etc/alternatives/rlogin
/etc/alternatives/www-browser
/etc/alternatives/phar.1.gz
/etc/alternatives/traceroute6.1.gz
/etc/alternatives/view.it.1.gz
/etc/alternatives/traceroute.1.gz
/etc/alternatives/pager.1.gz
/etc/alternatives/www-browser.1.gz
/etc/alternatives/README
/etc/alternatives/iptables-save
/etc/alternatives/pinentry
/etc/alternatives/messages.1.gz
/etc/alternatives/view.pl.1.gz
/etc/alternatives/telnet.1.gz
/etc/alternatives/readmsg
/etc/alternatives/vi.1.gz
/etc/alternatives/lzless
/etc/alternatives/from
/etc/alternatives/ip6tables
/etc/alternatives/pico.1.gz
/etc/alternatives/ex
/etc/alternatives/vi
/etc/alternatives/frm.1.gz
/etc/alternatives/ex.pl.1.gz
/etc/alternatives/netcat.1.gz
/etc/alternatives/vi.it.1.gz
/etc/alternatives/readmsg.1.gz
/etc/alternatives/mailx
/etc/alternatives/pinentry.1.gz
/etc/alternatives/vi.pl.1.gz
/etc/alternatives/mail.1.gz
/etc/alternatives/tcptraceroute
/etc/alternatives/vim
/etc/alternatives/traceproto
/etc/alternatives/pager
/etc/alternatives/rsh
/etc/alternatives/unlzma.1.gz
/etc/alternatives/telnet
/etc/alternatives/regulatory.db
/etc/alternatives/lzcmp.1.gz
/etc/alternatives/vi.fr.1.gz
/etc/alternatives/mailx.1.gz
/etc/alternatives/ebtables-restore
/etc/alternatives/traceproto.1.gz
/etc/alternatives/lzegrep
/etc/alternatives/php
/etc/alternatives/mt.1.gz
/etc/alternatives/ebtables-save
/etc/alternatives/lzcmp
/etc/alternatives/arptables-save
/etc/alternatives/ip6tables-restore
/etc/alternatives/mt
/etc/alternatives/ex.1.gz
/etc/alternatives/view.ru.1.gz
/etc/alternatives/vimdiff
/etc/alternatives/lzless.1.gz
/etc/alternatives/iptables
/etc/alternatives/movemail
/etc/alternatives/awk.1.gz
/etc/alternatives/ex.da.1.gz
/etc/alternatives/w.1.gz
/etc/alternatives/lzfgrep
/etc/alternatives/nawk.1.gz
/etc/alternatives/ex.ru.1.gz
/etc/alternatives/lzgrep.1.gz
/etc/alternatives/vi.ja.1.gz
/etc/alternatives/nc.1.gz
/etc/alternatives/vi.ru.1.gz
/etc/alternatives/dotlock.1.gz
/etc/alternatives/rview
/etc/alternatives/lzcat
/etc/alternatives/lft.1.gz
/etc/alternatives/lzegrep.1.gz
/etc/alternatives/lzcat.1.gz
/etc/alternatives/lzma
/etc/alternatives/lzfgrep.1.gz
/etc/alternatives/nc
/etc/alternatives/php.1.gz
/etc/alternatives/lzdiff
/etc/alternatives/ip6tables-save
/etc/alternatives/arptables-restore
/etc/alternatives/view.de.1.gz
/etc/alternatives/mail
/etc/alternatives/lft
/etc/alternatives/nawk
/etc/alternatives/phar.phar.1.gz
/etc/alternatives/editor.1.gz
/etc/alternatives/builtins.7.gz
/etc/alternatives/traceroute6
/etc/alternatives/from.1.gz
/etc/alternatives/ex.de.1.gz
/etc/alternatives/view.ja.1.gz
/etc/alternatives/rsh.1.gz
/etc/alternatives/lzgrep
/etc/alternatives/netcat
/etc/alternatives/view
/etc/passwd-
/etc/dbus-1/
/etc/dbus-1/session.d/
/etc/dbus-1/system.d/
/etc/dbus-1/system.d/bluetooth.conf
/etc/dbus-1/system.d/wpa_supplicant.conf
/etc/bindresvport.blacklist
/etc/calendar/
/etc/calendar/default
/etc/lvm/
/etc/lvm/profile/
/etc/lvm/profile/lvmdbusd.profile
/etc/lvm/profile/thin-performance.profile
/etc/lvm/profile/metadata_profile_template.profile
/etc/lvm/profile/command_profile_template.profile
/etc/lvm/profile/cache-mq.profile
/etc/lvm/profile/vdo-small.profile
/etc/lvm/profile/thin-generic.profile
/etc/lvm/profile/cache-smq.profile
/etc/lvm/backup/
/etc/lvm/backup/vg_tp
/etc/lvm/lvm.conf
/etc/lvm/archive/
/etc/lvm/archive/vg_tp_00001-1620156753.vg
/etc/lvm/archive/vg_tp_00000-948881423.vg
/etc/lvm/archive/vg_tp_00002-1215493068.vg
/etc/lvm/archive/vg_tp_00003-1835138371.vg
/etc/lvm/lvmlocal.conf
/etc/sv/
/etc/sv/ssh/
/etc/sv/ssh/.meta/
/etc/sv/ssh/.meta/installed
/etc/sv/ssh/supervise
/etc/sv/ssh/run
/etc/sv/ssh/log/
/etc/sv/ssh/log/supervise
/etc/sv/ssh/log/run
/etc/sv/ssh/finish
/etc/group
/etc/motd
/etc/magic
/etc/email-addresses
/etc/discover-modprobe.conf
/etc/sudo.conf
/etc/cron.weekly/
/etc/cron.weekly/.placeholder
/etc/cron.weekly/man-db
/etc/cron.weekly/0anacron
/etc/profile
/etc/mdadm.conf
/etc/manpath.config
/etc/wgetrc
/etc/apparmor.d/
/etc/apparmor.d/nvidia_modprobe
/etc/apparmor.d/local/
/etc/apparmor.d/local/nvidia_modprobe
/etc/apparmor.d/local/README
/etc/apparmor.d/local/usr.bin.man
/etc/apparmor.d/local/lsb_release
/etc/apparmor.d/disable/
/etc/apparmor.d/abstractions/
/etc/apparmor.d/abstractions/user-tmp
/etc/apparmor.d/abstractions/bash
/etc/apparmor.d/abstractions/gnome
/etc/apparmor.d/abstractions/gnupg
/etc/apparmor.d/abstractions/ubuntu-browsers
/etc/apparmor.d/abstractions/mir
/etc/apparmor.d/abstractions/vulkan
/etc/apparmor.d/abstractions/opencl-mesa
/etc/apparmor.d/abstractions/dbus-accessibility-strict
/etc/apparmor.d/abstractions/qt5
/etc/apparmor.d/abstractions/fcitx-strict
/etc/apparmor.d/abstractions/ibus
/etc/apparmor.d/abstractions/samba
/etc/apparmor.d/abstractions/wutmp
/etc/apparmor.d/abstractions/ubuntu-konsole
/etc/apparmor.d/abstractions/xdg-open
/etc/apparmor.d/abstractions/orbit2
/etc/apparmor.d/abstractions/ubuntu-bittorrent-clients
/etc/apparmor.d/abstractions/nameservice
/etc/apparmor.d/abstractions/freedesktop.org
/etc/apparmor.d/abstractions/ubuntu-unity7-base
/etc/apparmor.d/abstractions/ubuntu-console-email
/etc/apparmor.d/abstractions/perl
/etc/apparmor.d/abstractions/dbus-network-manager-strict
/etc/apparmor.d/abstractions/opencl-nvidia
/etc/apparmor.d/abstractions/kde
/etc/apparmor.d/abstractions/X
/etc/apparmor.d/abstractions/gvfs-open
/etc/apparmor.d/abstractions/mesa
/etc/apparmor.d/abstractions/opencl-intel
/etc/apparmor.d/abstractions/user-manpages
/etc/apparmor.d/abstractions/qt5-compose-cache-write
/etc/apparmor.d/abstractions/cups-client
/etc/apparmor.d/abstractions/apache2-common
/etc/apparmor.d/abstractions/aspell
/etc/apparmor.d/abstractions/mysql
/etc/apparmor.d/abstractions/kde-language-write
/etc/apparmor.d/abstractions/ubuntu-xterm
/etc/apparmor.d/abstractions/video
/etc/apparmor.d/abstractions/kde-open5
/etc/apparmor.d/abstractions/audio
/etc/apparmor.d/abstractions/ruby
/etc/apparmor.d/abstractions/nis
/etc/apparmor.d/abstractions/user-download
/etc/apparmor.d/abstractions/ubuntu-feed-readers
/etc/apparmor.d/abstractions/dri-enumerate
/etc/apparmor.d/abstractions/ssl_certs
/etc/apparmor.d/abstractions/python
/etc/apparmor.d/abstractions/dbus
/etc/apparmor.d/abstractions/consoles
/etc/apparmor.d/abstractions/mozc
/etc/apparmor.d/abstractions/ssl_keys
/etc/apparmor.d/abstractions/mdns
/etc/apparmor.d/abstractions/winbind
/etc/apparmor.d/abstractions/opencl-pocl
/etc/apparmor.d/abstractions/dovecot-common
/etc/apparmor.d/abstractions/kde-globals-write
/etc/apparmor.d/abstractions/xdg-desktop
/etc/apparmor.d/abstractions/recent-documents-write
/etc/apparmor.d/abstractions/ubuntu-gnome-terminal
/etc/apparmor.d/abstractions/qt5-settings-write
/etc/apparmor.d/abstractions/dri-common
/etc/apparmor.d/abstractions/dbus-accessibility
/etc/apparmor.d/abstractions/apparmor_api/
/etc/apparmor.d/abstractions/apparmor_api/change_profile
/etc/apparmor.d/abstractions/apparmor_api/find_mountpoint
/etc/apparmor.d/abstractions/apparmor_api/is_enabled
/etc/apparmor.d/abstractions/apparmor_api/introspect
/etc/apparmor.d/abstractions/apparmor_api/examine
/etc/apparmor.d/abstractions/user-mail
/etc/apparmor.d/abstractions/enchant
/etc/apparmor.d/abstractions/kde-icon-cache-write
/etc/apparmor.d/abstractions/ubuntu-unity7-launcher
/etc/apparmor.d/abstractions/smbpass
/etc/apparmor.d/abstractions/ubuntu-helpers
/etc/apparmor.d/abstractions/php
/etc/apparmor.d/abstractions/gio-open
/etc/apparmor.d/abstractions/private-files-strict
/etc/apparmor.d/abstractions/openssl
/etc/apparmor.d/abstractions/fcitx
/etc/apparmor.d/abstractions/exo-open
/etc/apparmor.d/abstractions/base
/etc/apparmor.d/abstractions/p11-kit
/etc/apparmor.d/abstractions/opencl
/etc/apparmor.d/abstractions/web-data
/etc/apparmor.d/abstractions/libpam-systemd
/etc/apparmor.d/abstractions/dbus-session-strict
/etc/apparmor.d/abstractions/authentication
/etc/apparmor.d/abstractions/ubuntu-email
/etc/apparmor.d/abstractions/dbus-session
/etc/apparmor.d/abstractions/php5
/etc/apparmor.d/abstractions/hosts_access
/etc/apparmor.d/abstractions/likewise
/etc/apparmor.d/abstractions/private-files
/etc/apparmor.d/abstractions/user-write
/etc/apparmor.d/abstractions/ubuntu-console-browsers
/etc/apparmor.d/abstractions/dbus-strict
/etc/apparmor.d/abstractions/postfix-common
/etc/apparmor.d/abstractions/kerberosclient
/etc/apparmor.d/abstractions/ldapclient
/etc/apparmor.d/abstractions/wayland
/etc/apparmor.d/abstractions/nvidia
/etc/apparmor.d/abstractions/ubuntu-browsers.d/
/etc/apparmor.d/abstractions/ubuntu-browsers.d/user-files
/etc/apparmor.d/abstractions/ubuntu-browsers.d/plugins-common
/etc/apparmor.d/abstractions/ubuntu-browsers.d/kde
/etc/apparmor.d/abstractions/ubuntu-browsers.d/ubuntu-integration-xul
/etc/apparmor.d/abstractions/ubuntu-browsers.d/mailto
/etc/apparmor.d/abstractions/ubuntu-browsers.d/multimedia
/etc/apparmor.d/abstractions/ubuntu-browsers.d/ubuntu-integration
/etc/apparmor.d/abstractions/ubuntu-browsers.d/java
/etc/apparmor.d/abstractions/ubuntu-browsers.d/productivity
/etc/apparmor.d/abstractions/ubuntu-browsers.d/text-editors
/etc/apparmor.d/abstractions/dconf
/etc/apparmor.d/abstractions/ubuntu-unity7-messaging
/etc/apparmor.d/abstractions/fonts
/etc/apparmor.d/abstractions/opencl-common
/etc/apparmor.d/abstractions/ubuntu-media-players
/etc/apparmor.d/abstractions/svn-repositories
/etc/apparmor.d/abstractions/xad
/etc/apparmor.d/usr.bin.man
/etc/apparmor.d/force-complain/
/etc/apparmor.d/tunables/
/etc/apparmor.d/tunables/xdg-user-dirs
/etc/apparmor.d/tunables/home
/etc/apparmor.d/tunables/share
/etc/apparmor.d/tunables/apparmorfs
/etc/apparmor.d/tunables/global
/etc/apparmor.d/tunables/sys
/etc/apparmor.d/tunables/proc
/etc/apparmor.d/tunables/multiarch
/etc/apparmor.d/tunables/kernelvars
/etc/apparmor.d/tunables/multiarch.d/
/etc/apparmor.d/tunables/multiarch.d/site.local
/etc/apparmor.d/tunables/alias
/etc/apparmor.d/tunables/run
/etc/apparmor.d/tunables/home.d/
/etc/apparmor.d/tunables/home.d/site.local
/etc/apparmor.d/tunables/home.d/ubuntu
/etc/apparmor.d/tunables/dovecot
/etc/apparmor.d/tunables/xdg-user-dirs.d/
/etc/apparmor.d/tunables/xdg-user-dirs.d/site.local
/etc/apparmor.d/tunables/securityfs
/etc/apparmor.d/lsb_release
/etc/shadow.org
/etc/perl/
/etc/perl/CPAN/
/etc/perl/Net/
/etc/perl/Net/libnet.cfg
/etc/update-motd.d/
/etc/update-motd.d/10-uname
/etc/ucf.conf
/etc/gshadow
/etc/reportbug.conf
/etc/discover.conf.d/
/etc/discover.conf.d/00discover
/etc/rmt
/etc/deluser.conf
/etc/debian_version
/etc/security/
/etc/security/namespace.d/
/etc/security/time.conf
/etc/security/limits.conf
/etc/security/pam_env.conf
/etc/security/namespace.conf
/etc/security/limits.d/
/etc/security/group.conf
/etc/security/sepermit.conf
/etc/security/opasswd
/etc/security/access.conf
/etc/security/namespace.init
/etc/mecabrc
/etc/localtime
/etc/ca-certificates/
/etc/ca-certificates/update.d/
/etc/locale.gen
/etc/ssh/
/etc/ssh/ssh_host_ed25519_key.pub
/etc/ssh/ssh_config
/etc/ssh/ssh_host_ed25519_key
/etc/ssh/ssh_host_rsa_key
/etc/ssh/ssh_host_rsa_key.pub
/etc/ssh/ssh_host_ecdsa_key.pub
/etc/ssh/sshd_config
/etc/ssh/moduli
/etc/ssh/sshd_config.d/
/etc/ssh/ssh_config.d/
/etc/ssh/ssh_host_ecdsa_key
/etc/wpa_supplicant/
/etc/wpa_supplicant/ifupdown.sh
/etc/wpa_supplicant/action_wpa.sh
/etc/wpa_supplicant/functions.sh
/etc/networks
/etc/hosts
/etc/fstab
/etc/udev/
/etc/udev/hwdb.d/
/etc/udev/rules.d/
/etc/udev/udev.conf
/etc/apm/
/etc/apm/event.d/
/etc/ghostscript/
/etc/ghostscript/fontmap.d/
/etc/ghostscript/fontmap.d/10gsfonts.conf
/etc/ghostscript/cidfmap.d/
/etc/ghostscript/cidfmap.d/90gs-cjk-resource-cns1.conf
/etc/ghostscript/cidfmap.d/90gs-cjk-resource-korea1.conf
/etc/ghostscript/cidfmap.d/90gs-cjk-resource-gb1.conf
/etc/ghostscript/cidfmap.d/90gs-cjk-resource-japan1.conf
/etc/ghostscript/cidfmap.d/90gs-cjk-resource-japan2.conf
/etc/dpkg/
/etc/dpkg/dpkg.cfg
/etc/dpkg/origins/
/etc/dpkg/origins/debian
/etc/dpkg/origins/default
/etc/dpkg/dpkg.cfg.d/
/etc/passwd.org
/etc/logcheck/
/etc/logcheck/ignore.d.server/
/etc/logcheck/ignore.d.server/rsyslog
/etc/logcheck/ignore.d.server/mdadm
/etc/logcheck/ignore.d.server/libsasl2-modules
/etc/logcheck/ignore.d.server/gpg-agent
/etc/logcheck/violations.d/
/etc/logcheck/violations.d/mdadm
/etc/nanorc
/etc/mysql/
/etc/mysql/mysql.conf.d/
/etc/mysql/mysql.conf.d/mysqld.cnf
/etc/mysql/mariadb.conf.d/
/etc/mysql/my.cnf
/etc/mysql/my.cnf.fallback
/etc/mysql/mysql.cnf
/etc/mysql/conf.d/
/etc/mysql/conf.d/mysql.cnf
/etc/mysql/mariadb.cnf
/etc/issue
/etc/emacs/
/etc/emacs/site-start.d/
/etc/emacs/site-start.d/50dictionaries-common.el
/etc/profile.d/
/etc/profile.d/bash_completion.sh
/etc/shells
/etc/machine-id
/etc/logrotate.d/
/etc/logrotate.d/wtmp
/etc/logrotate.d/alternatives
/etc/logrotate.d/dpkg
/etc/logrotate.d/btmp
/etc/logrotate.d/apache2
/etc/logrotate.d/apt
/etc/logrotate.d/rsyslog
/etc/logrotate.d/exim4-paniclog
/etc/logrotate.d/exim4-base
/etc/ifplugd/
/etc/ifplugd/action.d/
/etc/ifplugd/action.d/action_wpa
/etc/libnl-3/
/etc/libnl-3/classid
/etc/libnl-3/pktloc
/etc/kernel/
/etc/kernel/install.d/
/etc/kernel/postinst.d/
/etc/kernel/postinst.d/zz-update-grub
/etc/kernel/postinst.d/apt-auto-removal
/etc/kernel/postinst.d/initramfs-tools
/etc/kernel/postrm.d/
/etc/kernel/postrm.d/zz-update-grub
/etc/kernel/postrm.d/initramfs-tools
/etc/rc4.d/
/etc/rc4.d/S01ssh
/etc/rc4.d/K01apache-htcacheclean
/etc/rc4.d/S01lvm2-lvmpolld
/etc/rc4.d/S01bluetooth
/etc/rc4.d/S01exim4
/etc/rc4.d/S01dbus
/etc/rc4.d/S01cron
/etc/rc4.d/S01rsyslog
/etc/rc4.d/S01mdadm
/etc/rc4.d/S01anacron
/etc/rc4.d/S01apache2
/etc/rc4.d/S01console-setup.sh
/etc/rc4.d/S01postfix
/etc/rc4.d/S01sudo
/etc/resolvconf/
/etc/resolvconf/update-libc.d/
/etc/resolvconf/update-libc.d/postfix
/etc/gss/
/etc/gss/mech.d/
/etc/sudo_logsrvd.conf
/etc/environment
/etc/pam.d/
/etc/pam.d/other
/etc/pam.d/common-session
/etc/pam.d/su
/etc/pam.d/su-l
/etc/pam.d/chpasswd
/etc/pam.d/runuser-l
/etc/pam.d/systemd-user
/etc/pam.d/common-password
/etc/pam.d/common-session-noninteractive
/etc/pam.d/passwd
/etc/pam.d/cron
/etc/pam.d/sudo
/etc/pam.d/common-account
/etc/pam.d/newusers
/etc/pam.d/runuser
/etc/pam.d/login
/etc/pam.d/chfn
/etc/pam.d/sshd
/etc/pam.d/chsh
/etc/pam.d/common-auth
/etc/fish/
/etc/fish/completions/
/etc/fish/config.fish
/etc/fish/conf.d/
/etc/fish/functions/
/etc/lighttpd/
/etc/lighttpd/conf-available/
/etc/lighttpd/conf-available/90-javascript-alias.conf
/etc/lighttpd/conf-enabled/
/etc/lighttpd/conf-enabled/90-javascript-alias.conf
/etc/os-release
/etc/tmpfiles.d/
/etc/ImageMagick-6/
/etc/ImageMagick-6/type.xml
/etc/ImageMagick-6/magic.xml
/etc/ImageMagick-6/type-apple.xml
/etc/ImageMagick-6/mime.xml
/etc/ImageMagick-6/quantization-table.xml
/etc/ImageMagick-6/type-urw-base35.xml
/etc/ImageMagick-6/type-windows.xml
/etc/ImageMagick-6/type-ghostscript.xml
/etc/ImageMagick-6/delegates.xml
/etc/ImageMagick-6/colors.xml
/etc/ImageMagick-6/coder.xml
/etc/ImageMagick-6/policy.xml
/etc/ImageMagick-6/thresholds.xml
/etc/ImageMagick-6/log.xml
/etc/ImageMagick-6/type-dejavu.xml
/etc/Muttrc
/etc/rc5.d/
/etc/rc5.d/S01ssh
/etc/rc5.d/K01apache-htcacheclean
/etc/rc5.d/S01lvm2-lvmpolld
/etc/rc5.d/S01bluetooth
/etc/rc5.d/S01exim4
/etc/rc5.d/S01dbus
/etc/rc5.d/S01cron
/etc/rc5.d/S01rsyslog
/etc/rc5.d/S01mdadm
/etc/rc5.d/S01anacron
/etc/rc5.d/S01apache2
/etc/rc5.d/S01console-setup.sh
/etc/rc5.d/S01postfix
/etc/rc5.d/S01sudo
/etc/ppp/
/etc/ppp/ip-up.d/
/etc/ppp/ip-up.d/postfix
/etc/ppp/ip-up.d/exim4
/etc/ppp/ip-down.d/
/etc/ppp/ip-down.d/postfix
/etc/ld.so.conf
/etc/groff/
/etc/groff/mdoc.local
/etc/groff/man.local
/etc/systemd/
/etc/systemd/sleep.conf
/etc/systemd/network/
/etc/systemd/networkd.conf
/etc/systemd/timesyncd.conf
/etc/systemd/system/
/etc/systemd/system/bluetooth.target.wants/
/etc/systemd/system/bluetooth.target.wants/bluetooth.service
/etc/systemd/system/multi-user.target.wants/
/etc/systemd/system/multi-user.target.wants/rsyslog.service
/etc/systemd/system/multi-user.target.wants/anacron.service
/etc/systemd/system/multi-user.target.wants/cron.service
/etc/systemd/system/multi-user.target.wants/remote-fs.target
/etc/systemd/system/multi-user.target.wants/postfix.service
/etc/systemd/system/multi-user.target.wants/wpa_supplicant.service
/etc/systemd/system/multi-user.target.wants/console-setup.service
/etc/systemd/system/multi-user.target.wants/apache2.service
/etc/systemd/system/multi-user.target.wants/networking.service
/etc/systemd/system/multi-user.target.wants/ssh.service
/etc/systemd/system/multi-user.target.wants/mysql.service
/etc/systemd/system/sshd.service
/etc/systemd/system/getty.target.wants/
/etc/systemd/system/getty.target.wants/getty@tty1.service
/etc/systemd/system/timers.target.wants/
/etc/systemd/system/timers.target.wants/anacron.timer
/etc/systemd/system/timers.target.wants/logrotate.timer
/etc/systemd/system/timers.target.wants/apt-daily-upgrade.timer
/etc/systemd/system/timers.target.wants/phpsessionclean.timer
/etc/systemd/system/timers.target.wants/man-db.timer
/etc/systemd/system/timers.target.wants/apt-daily.timer
/etc/systemd/system/timers.target.wants/exim4-base.timer
/etc/systemd/system/dbus-fi.w1.wpa_supplicant1.service
/etc/systemd/system/sysinit.target.wants/
/etc/systemd/system/sysinit.target.wants/apparmor.service
/etc/systemd/system/sysinit.target.wants/keyboard-setup.service
/etc/systemd/system/sysinit.target.wants/systemd-timesyncd.service
/etc/systemd/system/sysinit.target.wants/blk-availability.service
/etc/systemd/system/sysinit.target.wants/lvm2-lvmpolld.socket
/etc/systemd/system/sysinit.target.wants/lvm2-monitor.service
/etc/systemd/system/dbus-org.freedesktop.timesync1.service
/etc/systemd/system/syslog.service
/etc/systemd/system/sockets.target.wants/
/etc/systemd/system/sockets.target.wants/dm-event.socket
/etc/systemd/system/network-online.target.wants/
/etc/systemd/system/network-online.target.wants/networking.service
/etc/systemd/system/dbus-org.bluez.service
/etc/systemd/system/exim4-base.timer
/etc/systemd/resolved.conf
/etc/systemd/journald.conf
/etc/systemd/user.conf
/etc/systemd/logind.conf
/etc/systemd/system.conf
/etc/systemd/user/
/etc/systemd/user/sockets.target.wants/
/etc/systemd/user/sockets.target.wants/dirmngr.socket
/etc/systemd/user/sockets.target.wants/gpg-agent-ssh.socket
/etc/systemd/user/sockets.target.wants/gpg-agent-browser.socket
/etc/systemd/user/sockets.target.wants/gpg-agent.socket
/etc/systemd/user/sockets.target.wants/gpg-agent-extra.socket
/etc/python/
/etc/python/debian_config
/etc/opt/
/etc/cron.hourly/
/etc/cron.hourly/.placeholder
/etc/gshadow-
/etc/subuid
/etc/subgid-
/etc/libaudit.conf
/etc/papersize
/etc/sysctl.d/
/etc/sysctl.d/99-sysctl.conf
/etc/sysctl.d/protect-links.conf
/etc/sysctl.d/README.sysctl
/etc/passwd
/etc/ld.so.cache
/etc/hash
/etc/hostname
/etc/apache2/
/etc/apache2/ports.conf
/etc/apache2/magic
/etc/apache2/conf-available/
/etc/apache2/conf-available/serve-cgi-bin.conf
/etc/apache2/conf-available/other-vhosts-access-log.conf
/etc/apache2/conf-available/localized-error-pages.conf
/etc/apache2/conf-available/security.conf
/etc/apache2/conf-available/charset.conf
/etc/apache2/sites-available/
/etc/apache2/sites-available/000-default.conf
/etc/apache2/sites-available/default-ssl.conf
/etc/apache2/conf-enabled/
/etc/apache2/conf-enabled/serve-cgi-bin.conf
/etc/apache2/conf-enabled/other-vhosts-access-log.conf
/etc/apache2/conf-enabled/localized-error-pages.conf
/etc/apache2/conf-enabled/security.conf
/etc/apache2/conf-enabled/charset.conf
/etc/apache2/mods-enabled/
/etc/apache2/mods-enabled/mpm_prefork.load
/etc/apache2/mods-enabled/filter.load
/etc/apache2/mods-enabled/autoindex.load
/etc/apache2/mods-enabled/setenvif.load
/etc/apache2/mods-enabled/authz_core.load
/etc/apache2/mods-enabled/access_compat.load
/etc/apache2/mods-enabled/setenvif.conf
/etc/apache2/mods-enabled/deflate.load
/etc/apache2/mods-enabled/authn_core.load
/etc/apache2/mods-enabled/status.load
/etc/apache2/mods-enabled/negotiation.conf
/etc/apache2/mods-enabled/auth_basic.load
/etc/apache2/mods-enabled/alias.conf
/etc/apache2/mods-enabled/php7.4.load
/etc/apache2/mods-enabled/authz_user.load
/etc/apache2/mods-enabled/mpm_prefork.conf
/etc/apache2/mods-enabled/authn_file.load
/etc/apache2/mods-enabled/env.load
/etc/apache2/mods-enabled/authz_host.load
/etc/apache2/mods-enabled/php7.4.conf
/etc/apache2/mods-enabled/status.conf
/etc/apache2/mods-enabled/dir.load
/etc/apache2/mods-enabled/negotiation.load
/etc/apache2/mods-enabled/mime.load
/etc/apache2/mods-enabled/mime.conf
/etc/apache2/mods-enabled/dir.conf
/etc/apache2/mods-enabled/deflate.conf
/etc/apache2/mods-enabled/reqtimeout.load
/etc/apache2/mods-enabled/reqtimeout.conf
/etc/apache2/mods-enabled/autoindex.conf
/etc/apache2/mods-enabled/alias.load
/etc/apache2/sites-enabled/
/etc/apache2/sites-enabled/000-default.conf
/etc/apache2/mods-available/
/etc/apache2/mods-available/lbmethod_bybusyness.load
/etc/apache2/mods-available/proxy_uwsgi.load
/etc/apache2/mods-available/mpm_prefork.load
/etc/apache2/mods-available/proxy_html.conf
/etc/apache2/mods-available/proxy_http.load
/etc/apache2/mods-available/ssl.conf
/etc/apache2/mods-available/filter.load
/etc/apache2/mods-available/proxy_html.load
/etc/apache2/mods-available/proxy_http2.load
/etc/apache2/mods-available/autoindex.load
/etc/apache2/mods-available/setenvif.load
/etc/apache2/mods-available/http2.load
/etc/apache2/mods-available/authz_core.load
/etc/apache2/mods-available/lbmethod_byrequests.load
/etc/apache2/mods-available/proxy_wstunnel.load
/etc/apache2/mods-available/access_compat.load
/etc/apache2/mods-available/dav.load
/etc/apache2/mods-available/setenvif.conf
/etc/apache2/mods-available/request.load
/etc/apache2/mods-available/session_crypto.load
/etc/apache2/mods-available/speling.load
/etc/apache2/mods-available/proxy_express.load
/etc/apache2/mods-available/dump_io.load
/etc/apache2/mods-available/session.load
/etc/apache2/mods-available/md.load
/etc/apache2/mods-available/userdir.conf
/etc/apache2/mods-available/dav_fs.conf
/etc/apache2/mods-available/deflate.load
/etc/apache2/mods-available/authn_dbd.load
/etc/apache2/mods-available/authz_dbm.load
/etc/apache2/mods-available/authz_groupfile.load
/etc/apache2/mods-available/macro.load
/etc/apache2/mods-available/http2.conf
/etc/apache2/mods-available/ldap.conf
/etc/apache2/mods-available/include.load
/etc/apache2/mods-available/socache_memcache.load
/etc/apache2/mods-available/log_debug.load
/etc/apache2/mods-available/cgid.conf
/etc/apache2/mods-available/authn_core.load
/etc/apache2/mods-available/info.conf
/etc/apache2/mods-available/unique_id.load
/etc/apache2/mods-available/ldap.load
/etc/apache2/mods-available/ext_filter.load
/etc/apache2/mods-available/xml2enc.load
/etc/apache2/mods-available/status.load
/etc/apache2/mods-available/authz_dbd.load
/etc/apache2/mods-available/charset_lite.load
/etc/apache2/mods-available/proxy_balancer.load
/etc/apache2/mods-available/negotiation.conf
/etc/apache2/mods-available/authn_socache.load
/etc/apache2/mods-available/asis.load
/etc/apache2/mods-available/cache_socache.load
/etc/apache2/mods-available/userdir.load
/etc/apache2/mods-available/imagemap.load
/etc/apache2/mods-available/auth_basic.load
/etc/apache2/mods-available/alias.conf
/etc/apache2/mods-available/cern_meta.load
/etc/apache2/mods-available/php7.4.load
/etc/apache2/mods-available/authz_user.load
/etc/apache2/mods-available/mpm_prefork.conf
/etc/apache2/mods-available/cache.load
/etc/apache2/mods-available/sed.load
/etc/apache2/mods-available/mpm_worker.load
/etc/apache2/mods-available/authn_file.load
/etc/apache2/mods-available/mpm_event.conf
/etc/apache2/mods-available/proxy_hcheck.load
/etc/apache2/mods-available/brotli.load
/etc/apache2/mods-available/env.load
/etc/apache2/mods-available/cache_disk.load
/etc/apache2/mods-available/authnz_fcgi.load
/etc/apache2/mods-available/authn_anon.load
/etc/apache2/mods-available/dbd.load
/etc/apache2/mods-available/authn_dbm.load
/etc/apache2/mods-available/slotmem_shm.load
/etc/apache2/mods-available/authz_host.load
/etc/apache2/mods-available/php7.4.conf
/etc/apache2/mods-available/actions.load
/etc/apache2/mods-available/proxy_fdpass.load
/etc/apache2/mods-available/ssl.load
/etc/apache2/mods-available/status.conf
/etc/apache2/mods-available/dav_lock.load
/etc/apache2/mods-available/usertrack.load
/etc/apache2/mods-available/socache_shmcb.load
/etc/apache2/mods-available/proxy.load
/etc/apache2/mods-available/lbmethod_heartbeat.load
/etc/apache2/mods-available/mpm_worker.conf
/etc/apache2/mods-available/proxy_connect.load
/etc/apache2/mods-available/headers.load
/etc/apache2/mods-available/authnz_ldap.load
/etc/apache2/mods-available/file_cache.load
/etc/apache2/mods-available/proxy_ftp.load
/etc/apache2/mods-available/mpm_event.load
/etc/apache2/mods-available/dir.load
/etc/apache2/mods-available/slotmem_plain.load
/etc/apache2/mods-available/proxy.conf
/etc/apache2/mods-available/negotiation.load
/etc/apache2/mods-available/mime.load
/etc/apache2/mods-available/proxy_fcgi.load
/etc/apache2/mods-available/remoteip.load
/etc/apache2/mods-available/proxy_balancer.conf
/etc/apache2/mods-available/vhost_alias.load
/etc/apache2/mods-available/echo.load
/etc/apache2/mods-available/suexec.load
/etc/apache2/mods-available/allowmethods.load
/etc/apache2/mods-available/mime.conf
/etc/apache2/mods-available/dir.conf
/etc/apache2/mods-available/deflate.conf
/etc/apache2/mods-available/proxy_ftp.conf
/etc/apache2/mods-available/reqtimeout.load
/etc/apache2/mods-available/data.load
/etc/apache2/mods-available/cache_disk.conf
/etc/apache2/mods-available/info.load
/etc/apache2/mods-available/lbmethod_bytraffic.load
/etc/apache2/mods-available/auth_form.load
/etc/apache2/mods-available/rewrite.load
/etc/apache2/mods-available/proxy_scgi.load
/etc/apache2/mods-available/substitute.load
/etc/apache2/mods-available/reqtimeout.conf
/etc/apache2/mods-available/proxy_ajp.load
/etc/apache2/mods-available/socache_redis.load
/etc/apache2/mods-available/authz_owner.load
/etc/apache2/mods-available/cgi.load
/etc/apache2/mods-available/session_dbd.load
/etc/apache2/mods-available/autoindex.conf
/etc/apache2/mods-available/reflector.load
/etc/apache2/mods-available/buffer.load
/etc/apache2/mods-available/cgid.load
/etc/apache2/mods-available/mime_magic.load
/etc/apache2/mods-available/auth_digest.load
/etc/apache2/mods-available/ident.load
/etc/apache2/mods-available/mime_magic.conf
/etc/apache2/mods-available/actions.conf
/etc/apache2/mods-available/lua.load
/etc/apache2/mods-available/dav_fs.load
/etc/apache2/mods-available/dialup.load
/etc/apache2/mods-available/socache_dbm.load
/etc/apache2/mods-available/session_cookie.load
/etc/apache2/mods-available/expires.load
/etc/apache2/mods-available/heartbeat.load
/etc/apache2/mods-available/heartmonitor.load
/etc/apache2/mods-available/alias.load
/etc/apache2/mods-available/log_forensic.load
/etc/apache2/mods-available/ratelimit.load
/etc/apache2/index.html
/etc/apache2/envvars
/etc/apache2/apache2.conf
/etc/cczerc
/etc/bash_completion.d/
/etc/bash_completion.d/git-prompt
/etc/X11/
/etc/X11/Xsession.d/
/etc/X11/Xsession.d/90gpg-agent
/etc/X11/xkb/
/etc/python3.7/
/etc/python3.7/sitecustomize.py
/etc/xattr.conf
/etc/adduser.conf
/etc/mailcap.order
/etc/vim/
/etc/vim/vimrc
/etc/vim/vimrc.tiny
/etc/terminfo/
/etc/terminfo/README
/etc/pam.conf
/etc/timezone
/etc/rc2.d/
/etc/rc2.d/S01ssh
/etc/rc2.d/K01apache-htcacheclean
/etc/rc2.d/S01lvm2-lvmpolld
/etc/rc2.d/S01bluetooth
/etc/rc2.d/S01exim4
/etc/rc2.d/S01dbus
/etc/rc2.d/S01cron
/etc/rc2.d/S01rsyslog
/etc/rc2.d/S01mdadm
/etc/rc2.d/S01anacron
/etc/rc2.d/S01apache2
/etc/rc2.d/S01console-setup.sh
/etc/rc2.d/S01postfix
/etc/rc2.d/S01sudo
/etc/ufw/
/etc/ufw/applications.d/
/etc/ufw/applications.d/postfix
/etc/ufw/applications.d/openssh-server
/etc/ca-certificates.conf.dpkg-old
/etc/lynx/
/etc/lynx/lynx.lss
/etc/lynx/lynx.cfg
/etc/cron.daily/
/etc/cron.daily/apt-compat
/etc/cron.daily/.placeholder
/etc/cron.daily/dpkg
/etc/cron.daily/logrotate
/etc/cron.daily/passwd
/etc/cron.daily/apache2
/etc/cron.daily/man-db
/etc/cron.daily/mdadm
/etc/cron.daily/bsdmainutils
/etc/cron.daily/0anacron
/etc/cron.daily/exim4-base
/etc/rc6.d/
/etc/rc6.d/K01exim4
/etc/rc6.d/K01apache-htcacheclean
/etc/rc6.d/K01postfix
/etc/rc6.d/K01mdadm-waitidle
/etc/rc6.d/K01mdadm
/etc/rc6.d/K01udev
/etc/rc6.d/K01bluetooth
/etc/rc6.d/K01apache2
/etc/rc6.d/K01lvm2-lvmpolld
/etc/rc6.d/K01rsyslog
/etc/rc6.d/K01networking
/etc/rc6.d/K01hwclock.sh
/etc/mailcap
/etc/modprobe.d/
/etc/modprobe.d/mdadm.conf
/etc/python3.9/
/etc/python3.9/sitecustomize.py
/etc/rcS.d/
/etc/rcS.d/S01procps
/etc/rcS.d/S01networking
/etc/rcS.d/S01hwclock.sh
/etc/rcS.d/S01keyboard-setup.sh
/etc/rcS.d/S01apparmor
/etc/rcS.d/S01udev
/etc/rcS.d/S01lvm2
/etc/rcS.d/S01kmod
/etc/shadow-
/etc/aliases
/etc/ldap/
/etc/ldap/ldap.conf
/etc/apt/
/etc/apt/auth.conf.d/
/etc/apt/trusted.gpg.d/
/etc/apt/trusted.gpg.d/debian-archive-bullseye-automatic.gpg
/etc/apt/trusted.gpg.d/debian-archive-bullseye-security-automatic.gpg
/etc/apt/trusted.gpg.d/debian-archive-bullseye-stable.gpg
/etc/apt/trusted.gpg.d/debian-archive-buster-security-automatic.gpg
/etc/apt/trusted.gpg.d/mysql_pubkey.asc.gpg
/etc/apt/trusted.gpg.d/debian-archive-buster-stable.gpg
/etc/apt/trusted.gpg.d/debian-archive-buster-automatic.gpg
/etc/apt/trusted.gpg.d/debian-archive-bookworm-automatic.gpg
/etc/apt/trusted.gpg.d/debian-archive-bookworm-stable.gpg
/etc/apt/trusted.gpg.d/debian-archive-bookworm-security-automatic.gpg
/etc/apt/sources.list~
/etc/apt/listchanges.conf.d/
/etc/apt/sources.list.d/
/etc/apt/sources.list.d/mysql.list
/etc/apt/listchanges.conf
/etc/apt/apt.conf.d/
/etc/apt/apt.conf.d/01autoremove
/etc/apt/apt.conf.d/01autoremove-kernels
/etc/apt/apt.conf.d/20listchanges
/etc/apt/apt.conf.d/70debconf
/etc/apt/apt.conf.d/00CDMountPoint
/etc/apt/apt.conf.d/00trustcdrom
/etc/apt/trusted.gpg
/etc/apt/preferences.d/
/etc/apt/sources.list
/etc/rc3.d/
/etc/rc3.d/S01ssh
/etc/rc3.d/K01apache-htcacheclean
/etc/rc3.d/S01lvm2-lvmpolld
/etc/rc3.d/S01bluetooth
/etc/rc3.d/S01exim4
/etc/rc3.d/S01dbus
/etc/rc3.d/S01cron
/etc/rc3.d/S01rsyslog
/etc/rc3.d/S01mdadm
/etc/rc3.d/S01anacron
/etc/rc3.d/S01apache2
/etc/rc3.d/S01console-setup.sh
/etc/rc3.d/S01postfix
/etc/rc3.d/S01sudo
/etc/dhcp/
/etc/dhcp/dhclient-enter-hooks.d/
/etc/dhcp/dhclient-enter-hooks.d/avahi-autoipd
/etc/dhcp/dhclient-enter-hooks.d/debug
/etc/dhcp/dhclient-exit-hooks.d/
/etc/dhcp/dhclient-exit-hooks.d/timesyncd
/etc/dhcp/dhclient-exit-hooks.d/rfc3442-classless-routes
/etc/dhcp/dhclient-exit-hooks.d/zzz_avahi-autoipd
/etc/dhcp/dhclient-exit-hooks.d/debug
/etc/dhcp/dhclient.conf
/etc/dhcp/debug
/etc/selinux/
/etc/selinux/semanage.conf
/etc/crontab
/etc/modules
/etc/fuse.conf
/etc/netconfig
/etc/xdg/
/etc/xdg/autostart/
/etc/xdg/autostart/xdg-user-dirs.desktop
/etc/xdg/user-dirs.defaults
/etc/xdg/user-dirs.conf
/etc/xdg/systemd/
/etc/xdg/systemd/user
/etc/logrotate.conf
/etc/mtab
/etc/php/
/etc/php/7.4/
/etc/php/7.4/cli/
/etc/php/7.4/cli/php.ini
/etc/php/7.4/cli/conf.d/
/etc/php/7.4/cli/conf.d/20-sysvsem.ini
/etc/php/7.4/cli/conf.d/10-opcache.ini
/etc/php/7.4/cli/conf.d/20-calendar.ini
/etc/php/7.4/cli/conf.d/20-ftp.ini
/etc/php/7.4/cli/conf.d/20-sysvshm.ini
/etc/php/7.4/cli/conf.d/20-sockets.ini
/etc/php/7.4/cli/conf.d/10-mysqlnd.ini
/etc/php/7.4/cli/conf.d/20-shmop.ini
/etc/php/7.4/cli/conf.d/20-readline.ini
/etc/php/7.4/cli/conf.d/20-pdo_mysql.ini
/etc/php/7.4/cli/conf.d/20-ffi.ini
/etc/php/7.4/cli/conf.d/20-fileinfo.ini
/etc/php/7.4/cli/conf.d/20-mysqli.ini
/etc/php/7.4/cli/conf.d/20-json.ini
/etc/php/7.4/cli/conf.d/20-exif.ini
/etc/php/7.4/cli/conf.d/20-iconv.ini
/etc/php/7.4/cli/conf.d/20-posix.ini
/etc/php/7.4/cli/conf.d/20-ctype.ini
/etc/php/7.4/cli/conf.d/20-gettext.ini
/etc/php/7.4/cli/conf.d/20-phar.ini
/etc/php/7.4/cli/conf.d/20-tokenizer.ini
/etc/php/7.4/cli/conf.d/20-sysvmsg.ini
/etc/php/7.4/cli/conf.d/10-pdo.ini
/etc/php/7.4/apache2/
/etc/php/7.4/apache2/php.ini
/etc/php/7.4/apache2/conf.d/
/etc/php/7.4/apache2/conf.d/20-sysvsem.ini
/etc/php/7.4/apache2/conf.d/10-opcache.ini
/etc/php/7.4/apache2/conf.d/20-calendar.ini
/etc/php/7.4/apache2/conf.d/20-ftp.ini
/etc/php/7.4/apache2/conf.d/20-sysvshm.ini
/etc/php/7.4/apache2/conf.d/20-sockets.ini
/etc/php/7.4/apache2/conf.d/10-mysqlnd.ini
/etc/php/7.4/apache2/conf.d/20-shmop.ini
/etc/php/7.4/apache2/conf.d/20-readline.ini
/etc/php/7.4/apache2/conf.d/20-pdo_mysql.ini
/etc/php/7.4/apache2/conf.d/20-ffi.ini
/etc/php/7.4/apache2/conf.d/20-fileinfo.ini
/etc/php/7.4/apache2/conf.d/20-mysqli.ini
/etc/php/7.4/apache2/conf.d/20-json.ini
/etc/php/7.4/apache2/conf.d/20-exif.ini
/etc/php/7.4/apache2/conf.d/20-iconv.ini
/etc/php/7.4/apache2/conf.d/20-posix.ini
/etc/php/7.4/apache2/conf.d/20-ctype.ini
/etc/php/7.4/apache2/conf.d/20-gettext.ini
/etc/php/7.4/apache2/conf.d/20-phar.ini
/etc/php/7.4/apache2/conf.d/20-tokenizer.ini
/etc/php/7.4/apache2/conf.d/20-sysvmsg.ini
/etc/php/7.4/apache2/conf.d/10-pdo.ini
/etc/php/7.4/mods-available/
/etc/php/7.4/mods-available/ffi.ini
/etc/php/7.4/mods-available/sysvshm.ini
/etc/php/7.4/mods-available/ftp.ini
/etc/php/7.4/mods-available/shmop.ini
/etc/php/7.4/mods-available/posix.ini
/etc/php/7.4/mods-available/iconv.ini
/etc/php/7.4/mods-available/mysqli.ini
/etc/php/7.4/mods-available/opcache.ini
/etc/php/7.4/mods-available/sysvsem.ini
/etc/php/7.4/mods-available/tokenizer.ini
/etc/php/7.4/mods-available/phar.ini
/etc/php/7.4/mods-available/gettext.ini
/etc/php/7.4/mods-available/fileinfo.ini
/etc/php/7.4/mods-available/sysvmsg.ini
/etc/php/7.4/mods-available/readline.ini
/etc/php/7.4/mods-available/calendar.ini
/etc/php/7.4/mods-available/sockets.ini
/etc/php/7.4/mods-available/json.ini
/etc/php/7.4/mods-available/pdo.ini
/etc/php/7.4/mods-available/pdo_mysql.ini
/etc/php/7.4/mods-available/mysqlnd.ini
/etc/php/7.4/mods-available/exif.ini
/etc/php/7.4/mods-available/ctype.ini
/etc/rpc
/etc/subgid
/etc/aliases.db
/etc/hosts.allow
/etc/sudoers.d/
/etc/sudoers.d/README
/etc/ethertypes
/etc/mime.types
/etc/issue.net
/etc/subuid-
/etc/runit/
/etc/runit/runsvdir/
/etc/runit/runsvdir/default/
/etc/runit/runsvdir/default/ssh
/etc/hosts.deny
/etc/login.defs
/etc/ld.so.conf.d/
/etc/ld.so.conf.d/libc.conf
/etc/ld.so.conf.d/x86_64-linux-gnu.conf
/etc/insserv.conf.d/
/etc/insserv.conf.d/postfix
/etc/bash_completion
/etc/anacrontab
/etc/mdadm/
/etc/mdadm/mdadm.conf
/etc/.pwd.lock
/etc/bluetooth/
/etc/bluetooth/main.conf
/etc/bluetooth/input.conf
/etc/bluetooth/network.conf
/etc/cron.monthly/
/etc/cron.monthly/.placeholder
/etc/cron.monthly/0anacron
/etc/Muttrc.d/
/etc/Muttrc.d/colors.rc
/etc/Muttrc.d/compressed-folders.rc
/etc/Muttrc.d/charset.rc
/etc/Muttrc.d/gpg.rc
/etc/Muttrc.d/smime.rc
/etc/host.conf
/etc/skel/
/etc/skel/.profile
/etc/skel/.bash_logout
/etc/skel/.bashrc
/etc/dictionaries-common/
/etc/dictionaries-common/words
/etc/dictionaries-common/ispell-default
/etc/dictionaries-common/default.hash
/etc/dictionaries-common/default.aff
/etc/nsswitch.conf
/etc/python3/
/etc/python3/debian_config
/etc/bash.bashrc
/etc/ssl/
/etc/ssl/openssl.cnf
/etc/ssl/certs/
/etc/ssl/certs/14bc7599.0
/etc/ssl/certs/ff34af3f.0
/etc/ssl/certs/1001acf7.0
/etc/ssl/certs/d6325660.0
/etc/ssl/certs/QuoVadis_Root_CA_3.pem
/etc/ssl/certs/Certigna.pem
/etc/ssl/certs/COMODO_ECC_Certification_Authority.pem
/etc/ssl/certs/76faf6c0.0
/etc/ssl/certs/eed8c118.0
/etc/ssl/certs/54657681.0
/etc/ssl/certs/5443e9e3.0
/etc/ssl/certs/080911ac.0
/etc/ssl/certs/emSign_Root_CA_-_G1.pem
/etc/ssl/certs/GTS_Root_R4.pem
/etc/ssl/certs/SSL.com_EV_Root_Certification_Authority_ECC.pem
/etc/ssl/certs/68dd7389.0
/etc/ssl/certs/T-TeleSec_GlobalRoot_Class_2.pem
/etc/ssl/certs/ca6e4ad9.0
/etc/ssl/certs/emSign_Root_CA_-_C1.pem
/etc/ssl/certs/DigiCert_Trusted_Root_G4.pem
/etc/ssl/certs/Amazon_Root_CA_3.pem
/etc/ssl/certs/Microsec_e-Szigno_Root_CA_2009.pem
/etc/ssl/certs/e113c810.0
/etc/ssl/certs/4304c5e5.0
/etc/ssl/certs/AffirmTrust_Networking.pem
/etc/ssl/certs/40547a79.0
/etc/ssl/certs/5cd81ad7.0
/etc/ssl/certs/dc4d6a89.0
/etc/ssl/certs/OISTE_WISeKey_Global_Root_GC_CA.pem
/etc/ssl/certs/706f604c.0
/etc/ssl/certs/Trustwave_Global_Certification_Authority.pem
/etc/ssl/certs/cd8c0d63.0
/etc/ssl/certs/5ad8a5d6.0
/etc/ssl/certs/Hellenic_Academic_and_Research_Institutions_RootCA_2011.pem
/etc/ssl/certs/TrustCor_RootCert_CA-1.pem
/etc/ssl/certs/e73d606e.0
/etc/ssl/certs/COMODO_RSA_Certification_Authority.pem
/etc/ssl/certs/Comodo_AAA_Services_root.pem
/etc/ssl/certs/Certum_Trusted_Network_CA_2.pem
/etc/ssl/certs/TrustCor_ECA-1.pem
/etc/ssl/certs/3bde41ac.0
/etc/ssl/certs/Sonera_Class_2_Root_CA.pem
/etc/ssl/certs/DigiCert_Assured_ID_Root_G3.pem
/etc/ssl/certs/6d41d539.0
/etc/ssl/certs/76cb8f92.0
/etc/ssl/certs/fe8a2cd8.0
/etc/ssl/certs/3e45d192.0
/etc/ssl/certs/c47d9980.0
/etc/ssl/certs/UCA_Global_G2_Root.pem
/etc/ssl/certs/SSL.com_Root_Certification_Authority_RSA.pem
/etc/ssl/certs/Entrust_Root_Certification_Authority.pem
/etc/ssl/certs/5d3033c5.0
/etc/ssl/certs/bf53fb88.0
/etc/ssl/certs/4a6481c9.0
/etc/ssl/certs/0c4c9b6c.0
/etc/ssl/certs/2ae6433e.0
/etc/ssl/certs/DigiCert_Assured_ID_Root_G2.pem
/etc/ssl/certs/Go_Daddy_Root_Certificate_Authority_-_G2.pem
/etc/ssl/certs/Entrust_Root_Certification_Authority_-_G2.pem
/etc/ssl/certs/607986c7.0
/etc/ssl/certs/DST_Root_CA_X3.pem
/etc/ssl/certs/1e09d511.0
/etc/ssl/certs/DigiCert_High_Assurance_EV_Root_CA.pem
/etc/ssl/certs/5e98733a.0
/etc/ssl/certs/653b494a.0
/etc/ssl/certs/GlobalSign_Root_CA_-_R2.pem
/etc/ssl/certs/09789157.0
/etc/ssl/certs/06dc52d5.0
/etc/ssl/certs/cbf06781.0
/etc/ssl/certs/Starfield_Class_2_CA.pem
/etc/ssl/certs/749e9e03.0
/etc/ssl/certs/e36a6752.0
/etc/ssl/certs/9d04f354.0
/etc/ssl/certs/4bfab552.0
/etc/ssl/certs/fc5a8f99.0
/etc/ssl/certs/ef954a4e.0
/etc/ssl/certs/Amazon_Root_CA_4.pem
/etc/ssl/certs/f51bb24c.0
/etc/ssl/certs/02265526.0
/etc/ssl/certs/1636090b.0
/etc/ssl/certs/Starfield_Services_Root_Certificate_Authority_-_G2.pem
/etc/ssl/certs/CFCA_EV_ROOT.pem
/etc/ssl/certs/Hellenic_Academic_and_Research_Institutions_RootCA_2015.pem
/etc/ssl/certs/7aaf71c0.0
/etc/ssl/certs/Trustis_FPS_Root_CA.pem
/etc/ssl/certs/4042bcee.0
/etc/ssl/certs/Hellenic_Academic_and_Research_Institutions_ECC_RootCA_2015.pem
/etc/ssl/certs/Microsoft_RSA_Root_Certificate_Authority_2017.pem
/etc/ssl/certs/AffirmTrust_Premium.pem
/etc/ssl/certs/D-TRUST_Root_Class_3_CA_2_2009.pem
/etc/ssl/certs/GlobalSign_ECC_Root_CA_-_R4.pem
/etc/ssl/certs/f081611a.0
/etc/ssl/certs/Amazon_Root_CA_2.pem
/etc/ssl/certs/Entrust_Root_Certification_Authority_-_EC1.pem
/etc/ssl/certs/IdenTrust_Commercial_Root_CA_1.pem
/etc/ssl/certs/b7a5b843.0
/etc/ssl/certs/ACCVRAIZ1.pem
/etc/ssl/certs/Entrust_Root_Certification_Authority_-_G4.pem
/etc/ssl/certs/Hongkong_Post_Root_CA_3.pem
/etc/ssl/certs/28a35adc.0
/etc/ssl/certs/Actalis_Authentication_Root_CA.pem
/etc/ssl/certs/2923b3f9.0
/etc/ssl/certs/GlobalSign_Root_CA_-_R6.pem
/etc/ssl/certs/Chambers_of_Commerce_Root_-_2008.pem
/etc/ssl/certs/AffirmTrust_Commercial.pem
/etc/ssl/certs/3513523f.0
/etc/ssl/certs/GlobalSign_Root_CA_-_R3.pem
/etc/ssl/certs/Security_Communication_RootCA2.pem
/etc/ssl/certs/cd58d51e.0
/etc/ssl/certs/2b349938.0
/etc/ssl/certs/0bf05006.0
/etc/ssl/certs/Buypass_Class_3_Root_CA.pem
/etc/ssl/certs/d887a5bb.0
/etc/ssl/certs/d7e8dc79.0
/etc/ssl/certs/ce5e74ef.0
/etc/ssl/certs/AC_RAIZ_FNMT-RCM.pem
/etc/ssl/certs/244b5494.0
/etc/ssl/certs/TrustCor_RootCert_CA-2.pem
/etc/ssl/certs/0a775a30.0
/etc/ssl/certs/a94d09e5.0
/etc/ssl/certs/TWCA_Global_Root_CA.pem
/etc/ssl/certs/773e07ad.0
/etc/ssl/certs/OISTE_WISeKey_Global_Root_GB_CA.pem
/etc/ssl/certs/7f3d5d1d.0
/etc/ssl/certs/EC-ACC.pem
/etc/ssl/certs/Starfield_Root_Certificate_Authority_-_G2.pem
/etc/ssl/certs/Buypass_Class_2_Root_CA.pem
/etc/ssl/certs/5f15c80c.0
/etc/ssl/certs/Staat_der_Nederlanden_Root_CA_-_G3.pem
/etc/ssl/certs/ISRG_Root_X1.pem
/etc/ssl/certs/e868b802.0
/etc/ssl/certs/28a35adc
/etc/ssl/certs/DigiCert_Assured_ID_Root_CA.pem
/etc/ssl/certs/emSign_ECC_Root_CA_-_G3.pem
/etc/ssl/certs/988a38cb.0
/etc/ssl/certs/SSL.com_EV_Root_Certification_Authority_RSA_R2.pem
/etc/ssl/certs/4f316efb.0
/etc/ssl/certs/93bc0acc.0
/etc/ssl/certs/75d1b2ed.0
/etc/ssl/certs/QuoVadis_Root_CA_1_G3.pem
/etc/ssl/certs/emSign_ECC_Root_CA_-_C3.pem
/etc/ssl/certs/DigiCert_Global_Root_G3.pem
/etc/ssl/certs/57bcb2da.0
/etc/ssl/certs/Go_Daddy_Class_2_CA.pem
/etc/ssl/certs/QuoVadis_Root_CA_2_G3.pem
/etc/ssl/certs/GeoTrust_Primary_Certification_Authority_-_G2.pem
/etc/ssl/certs/Certum_Trusted_Network_CA.pem
/etc/ssl/certs/dd8e9d41.0
/etc/ssl/certs/Microsoft_ECC_Root_Certificate_Authority_2017.pem
/etc/ssl/certs/QuoVadis_Root_CA.pem
/etc/ssl/certs/SecureSign_RootCA11.pem
/etc/ssl/certs/c28a8a30.0
/etc/ssl/certs/XRamp_Global_CA_Root.pem
/etc/ssl/certs/NetLock_Arany_=Class_Gold=_F\305\221tan\303\272s\303\255tv\303\241ny.pem
/etc/ssl/certs/Certigna_Root_CA.pem
/etc/ssl/certs/f30dd6ad.0
/etc/ssl/certs/Network_Solutions_Certificate_Authority.pem
/etc/ssl/certs/TUBITAK_Kamu_SM_SSL_Kok_Sertifikasi_-_Surum_1.pem
/etc/ssl/certs/5a4d6896.0
/etc/ssl/certs/3fb36b73.0
/etc/ssl/certs/Staat_der_Nederlanden_EV_Root_CA.pem
/etc/ssl/certs/349f2832.0
/etc/ssl/certs/f387163d.0
/etc/ssl/certs/5f618aec.0
/etc/ssl/certs/c01eb047.0
/etc/ssl/certs/GTS_Root_R2.pem
/etc/ssl/certs/cc450945.0
/etc/ssl/certs/Secure_Global_CA.pem
/etc/ssl/certs/4b718d9b.0
/etc/ssl/certs/03179a64.0
/etc/ssl/certs/626dceaf.0
/etc/ssl/certs/GlobalSign_ECC_Root_CA_-_R5.pem
/etc/ssl/certs/2e5ac55d.0
/etc/ssl/certs/Amazon_Root_CA_1.pem
/etc/ssl/certs/6fa5da56.0
/etc/ssl/certs/certSIGN_Root_CA_G2.pem
/etc/ssl/certs/SecureTrust_CA.pem
/etc/ssl/certs/ssl-cert-snakeoil.pem
/etc/ssl/certs/b1159c4c.0
/etc/ssl/certs/COMODO_Certification_Authority.pem
/etc/ssl/certs/9b5697b0.0
/etc/ssl/certs/SwissSign_Gold_CA_-_G2.pem
/etc/ssl/certs/Trustwave_Global_ECC_P384_Certification_Authority.pem
/etc/ssl/certs/UCA_Extended_Validation_Root.pem
/etc/ssl/certs/d853d49e.0
/etc/ssl/certs/certSIGN_ROOT_CA.pem
/etc/ssl/certs/CA_Disig_Root_R2.pem
/etc/ssl/certs/1d3472b9.0
/etc/ssl/certs/Atos_TrustedRoot_2011.pem
/etc/ssl/certs/T-TeleSec_GlobalRoot_Class_3.pem
/etc/ssl/certs/f249de83.0
/etc/ssl/certs/SwissSign_Silver_CA_-_G2.pem
/etc/ssl/certs/GlobalSign_Root_CA.pem
/etc/ssl/certs/DigiCert_Global_Root_CA.pem
/etc/ssl/certs/GTS_Root_R1.pem
/etc/ssl/certs/Global_Chambersign_Root_-_2008.pem
/etc/ssl/certs/062cdee6.0
/etc/ssl/certs/18856ac4.0
/etc/ssl/certs/32888f65.0
/etc/ssl/certs/QuoVadis_Root_CA_3_G3.pem
/etc/ssl/certs/ePKI_Root_Certification_Authority.pem
/etc/ssl/certs/e8de2f56.0
/etc/ssl/certs/b0e59380.0
/etc/ssl/certs/f0c70a8d.0
/etc/ssl/certs/USERTrust_RSA_Certification_Authority.pem
/etc/ssl/certs/6b99d060.0
/etc/ssl/certs/SSL.com_Root_Certification_Authority_ECC.pem
/etc/ssl/certs/NAVER_Global_Root_Certification_Authority.pem
/etc/ssl/certs/3e44d2f7.0
/etc/ssl/certs/8d89cda1.0
/etc/ssl/certs/40193066.0
/etc/ssl/certs/8cb5ee0f.0
/etc/ssl/certs/b727005e.0
/etc/ssl/certs/AffirmTrust_Premium_ECC.pem
/etc/ssl/certs/c01cdfa2.0
/etc/ssl/certs/a3418fda.0
/etc/ssl/certs/9c2e7d30.0
/etc/ssl/certs/GDCA_TrustAUTH_R5_ROOT.pem
/etc/ssl/certs/D-TRUST_Root_Class_3_CA_2_EV_2009.pem
/etc/ssl/certs/Entrust.net_Premium_2048_Secure_Server_CA.pem
/etc/ssl/certs/8d86cdd1.0
/etc/ssl/certs/GTS_Root_R3.pem
/etc/ssl/certs/116bf586.0
/etc/ssl/certs/Baltimore_CyberTrust_Root.pem
/etc/ssl/certs/ee64a828.0
/etc/ssl/certs/0b1b94ef.0
/etc/ssl/certs/930ac5d2.0
/etc/ssl/certs/1e08bfd1.0
/etc/ssl/certs/d4dae3dd.0
/etc/ssl/certs/TWCA_Root_Certification_Authority.pem
/etc/ssl/certs/E-Tugra_Certification_Authority.pem
/etc/ssl/certs/Cybertrust_Global_Root.pem
/etc/ssl/certs/e-Szigno_Root_CA_2017.pem
/etc/ssl/certs/e18bfb83.0
/etc/ssl/certs/8160b96c.0
/etc/ssl/certs/064e0aa9.0
/etc/ssl/certs/0f6fa695.0
/etc/ssl/certs/106f3e4d.0
/etc/ssl/certs/Hongkong_Post_Root_CA_1.pem
/etc/ssl/certs/7719f463.0
/etc/ssl/certs/406c9bb1.0
/etc/ssl/certs/Security_Communication_Root_CA.pem
/etc/ssl/certs/QuoVadis_Root_CA_2.pem
/etc/ssl/certs/TeliaSonera_Root_CA_v1.pem
/etc/ssl/certs/DigiCert_Global_Root_G2.pem
/etc/ssl/certs/Autoridad_de_Certificacion_Firmaprofesional_CIF_A62634068.pem
/etc/ssl/certs/aee5f10d.0
/etc/ssl/certs/de6d66f3.0
/etc/ssl/certs/IdenTrust_Public_Sector_Root_CA_1.pem
/etc/ssl/certs/Izenpe.com.pem
/etc/ssl/certs/USERTrust_ECC_Certification_Authority.pem
/etc/ssl/certs/b66938e9.0
/etc/ssl/certs/48bec511.0
/etc/ssl/certs/0f5dc4f3.0
/etc/ssl/certs/9c8dfbd4.0
/etc/ssl/certs/f3377b1b.0
/etc/ssl/certs/VeriSign_Universal_Root_Certification_Authority.pem
/etc/ssl/certs/ca-certificates.crt
/etc/ssl/certs/5273a94c.0
/etc/ssl/certs/SZAFIR_ROOT_CA2.pem
/etc/ssl/certs/Trustwave_Global_ECC_P256_Certification_Authority.pem
/etc/ssl/certs/f39fc864.0
/etc/ssl/private/
/etc/ssl/private/ssl-cert-snakeoil.key
/etc/binfmt.d/
/etc/iproute2/
/etc/iproute2/group
/etc/iproute2/nl_protos
/etc/iproute2/rt_tables.d/
/etc/iproute2/rt_tables.d/README
/etc/iproute2/rt_scopes
/etc/iproute2/ematch_map
/etc/iproute2/rt_tables
/etc/iproute2/rt_dsfield
/etc/iproute2/bpf_pinning
/etc/iproute2/rt_realms
/etc/iproute2/rt_protos.d/
/etc/iproute2/rt_protos.d/README
/etc/iproute2/rt_protos
/etc/rc1.d/
/etc/rc1.d/K01exim4
/etc/rc1.d/K01apache-htcacheclean
/etc/rc1.d/K01postfix
/etc/rc1.d/K01mdadm
/etc/rc1.d/K01bluetooth
/etc/rc1.d/K01apache2
/etc/rc1.d/K01lvm2-lvmpolld
/etc/rc1.d/K01rsyslog
/etc/cron.d/
/etc/cron.d/.placeholder
/etc/cron.d/php
/etc/cron.d/anacron
/etc/cron.d/mdadm
/etc/adjtime
/etc/locale.alias
/etc/avahi/
/etc/avahi/avahi-autoipd.action
/etc/hdparm.conf
/etc/debconf.conf
/etc/default/
/etc/default/grub.d/
/etc/default/grub.d/init-select.cfg
/etc/default/console-setup
/etc/default/crda
/etc/default/keyboard
/etc/default/ssh
/etc/default/networking
/etc/default/hwclock
/etc/default/grub
/etc/default/dbus
/etc/default/cron
/etc/default/rsyslog
/etc/default/apache-htcacheclean
/etc/default/nss
/etc/default/anacron
/etc/default/mdadm
/etc/default/bluetooth
/etc/default/locale
/etc/default/bsdmainutils
/etc/default/useradd
/etc/default/exim4
/etc/sudoers
/etc/shadow
/etc/group-
/etc/exim4/
/etc/exim4/exim4.conf.template
/etc/exim4/update-exim4.conf.conf
/etc/exim4/conf.d/
/etc/exim4/conf.d/acl/
/etc/exim4/conf.d/acl/30_exim4-config_check_rcpt
/etc/exim4/conf.d/acl/00_exim4-config_header
/etc/exim4/conf.d/acl/40_exim4-config_check_data
/etc/exim4/conf.d/acl/20_exim4-config_local_deny_exceptions
/etc/exim4/conf.d/acl/30_exim4-config_check_mail
/etc/exim4/conf.d/router/
/etc/exim4/conf.d/router/150_exim4-config_hubbed_hosts
/etc/exim4/conf.d/router/400_exim4-config_system_aliases
/etc/exim4/conf.d/router/00_exim4-config_header
/etc/exim4/conf.d/router/600_exim4-config_userforward
/etc/exim4/conf.d/router/200_exim4-config_primary
/etc/exim4/conf.d/router/800_exim4-config_maildrop
/etc/exim4/conf.d/router/300_exim4-config_real_local
/etc/exim4/conf.d/router/mmm_mail4root
/etc/exim4/conf.d/router/700_exim4-config_procmail
/etc/exim4/conf.d/router/100_exim4-config_domain_literal
/etc/exim4/conf.d/router/900_exim4-config_local_user
/etc/exim4/conf.d/router/500_exim4-config_hubuser
/etc/exim4/conf.d/router/850_exim4-config_lowuid
/etc/exim4/conf.d/rewrite/
/etc/exim4/conf.d/rewrite/00_exim4-config_header
/etc/exim4/conf.d/rewrite/31_exim4-config_rewriting
/etc/exim4/conf.d/transport/
/etc/exim4/conf.d/transport/30_exim4-config_maildrop_pipe
/etc/exim4/conf.d/transport/30_exim4-config_address_reply
/etc/exim4/conf.d/transport/30_exim4-config_address_pipe
/etc/exim4/conf.d/transport/30_exim4-config_address_file
/etc/exim4/conf.d/transport/30_exim4-config_procmail_pipe
/etc/exim4/conf.d/transport/00_exim4-config_header
/etc/exim4/conf.d/transport/10_exim4-config_transport-macros
/etc/exim4/conf.d/transport/30_exim4-config_maildir_home
/etc/exim4/conf.d/transport/30_exim4-config_remote_smtp_smarthost
/etc/exim4/conf.d/transport/35_exim4-config_address_directory
/etc/exim4/conf.d/transport/30_exim4-config_remote_smtp
/etc/exim4/conf.d/transport/30_exim4-config_mail_spool
/etc/exim4/conf.d/retry/
/etc/exim4/conf.d/retry/30_exim4-config
/etc/exim4/conf.d/retry/00_exim4-config_header
/etc/exim4/conf.d/main/
/etc/exim4/conf.d/main/03_exim4-config_tlsoptions
/etc/exim4/conf.d/main/01_exim4-config_listmacrosdefs
/etc/exim4/conf.d/main/90_exim4-config_log_selector
/etc/exim4/conf.d/main/02_exim4-config_options
/etc/exim4/conf.d/auth/
/etc/exim4/conf.d/auth/00_exim4-config_header
/etc/exim4/conf.d/auth/30_exim4-config_examples
/etc/exim4/passwd.client
/etc/initramfs-tools/
/etc/initramfs-tools/scripts/
/etc/initramfs-tools/scripts/local-top/
/etc/initramfs-tools/scripts/panic/
/etc/initramfs-tools/scripts/init-premount/
/etc/initramfs-tools/scripts/nfs-bottom/
/etc/initramfs-tools/scripts/local-bottom/
/etc/initramfs-tools/scripts/init-top/
/etc/initramfs-tools/scripts/local-premount/
/etc/initramfs-tools/scripts/nfs-premount/
/etc/initramfs-tools/scripts/init-bottom/
/etc/initramfs-tools/scripts/nfs-top/
/etc/initramfs-tools/update-initramfs.conf
/etc/initramfs-tools/modules
/etc/initramfs-tools/conf.d/
/etc/initramfs-tools/conf.d/resume
/etc/initramfs-tools/hooks/
/etc/initramfs-tools/initramfs.conf
/etc/mke2fs.conf
/etc/resolv.conf
/etc/init.d/
/etc/init.d/postfix
/etc/init.d/apparmor
/etc/init.d/hwclock.sh
/etc/init.d/procps
/etc/init.d/ssh
/etc/init.d/console-setup.sh
/etc/init.d/udev
/etc/init.d/lvm2
/etc/init.d/networking
/etc/init.d/lvm2-lvmpolld
/etc/init.d/dbus
/etc/init.d/apache2
/etc/init.d/cron
/etc/init.d/sudo
/etc/init.d/rsyslog
/etc/init.d/apache-htcacheclean
/etc/init.d/keyboard-setup.sh
/etc/init.d/mdadm-waitidle
/etc/init.d/anacron
/etc/init.d/kmod
/etc/init.d/mdadm
/etc/init.d/bluetooth
/etc/init.d/exim4
/etc/services
/etc/rc0.d/
/etc/rc0.d/K01exim4
/etc/rc0.d/K01apache-htcacheclean
/etc/rc0.d/K01postfix
/etc/rc0.d/K01mdadm-waitidle
/etc/rc0.d/K01mdadm
/etc/rc0.d/K01udev
/etc/rc0.d/K01bluetooth
/etc/rc0.d/K01apache2
/etc/rc0.d/K01lvm2-lvmpolld
/etc/rc0.d/K01rsyslog
/etc/rc0.d/K01networking
/etc/rc0.d/K01hwclock.sh
/etc/python2.7/
/etc/python2.7/sitecustomize.py
/etc/rsyslog.d/
/etc/rsyslog.d/postfix.conf
/etc/fonts/
/etc/fonts/conf.avail/
/etc/fonts/conf.avail/58-dejavu-lgc-sans-mono.conf
/etc/fonts/conf.avail/65-droid-sans-fallback.conf
/etc/fonts/conf.avail/20-unhint-small-dejavu-sans.conf
/etc/fonts/conf.avail/20-unhint-small-dejavu-lgc-sans-mono.conf
/etc/fonts/conf.avail/20-unhint-small-dejavu-serif.conf
/etc/fonts/conf.avail/58-dejavu-lgc-serif.conf
/etc/fonts/conf.avail/20-unhint-small-dejavu-lgc-sans.conf
/etc/fonts/conf.avail/20-unhint-small-dejavu-sans-mono.conf
/etc/fonts/conf.avail/20-unhint-small-dejavu-lgc-serif.conf
/etc/fonts/conf.avail/57-dejavu-sans-mono.conf
/etc/fonts/conf.avail/30-droid-noto-mono.conf
/etc/fonts/conf.avail/57-dejavu-sans.conf
/etc/fonts/conf.avail/57-dejavu-serif.conf
/etc/fonts/conf.avail/58-dejavu-lgc-sans.conf
/etc/fonts/conf.d/
/etc/fonts/conf.d/51-local.conf
/etc/fonts/conf.d/20-unhint-small-vera.conf
/etc/fonts/conf.d/58-dejavu-lgc-sans-mono.conf
/etc/fonts/conf.d/30-metric-aliases.conf
/etc/fonts/conf.d/20-unhint-small-dejavu-sans.conf
/etc/fonts/conf.d/20-unhint-small-dejavu-lgc-sans-mono.conf
/etc/fonts/conf.d/69-unifont.conf
/etc/fonts/conf.d/README
/etc/fonts/conf.d/20-unhint-small-dejavu-serif.conf
/etc/fonts/conf.d/40-nonlatin.conf
/etc/fonts/conf.d/45-generic.conf
/etc/fonts/conf.d/58-dejavu-lgc-serif.conf
/etc/fonts/conf.d/11-lcdfilter-default.conf
/etc/fonts/conf.d/60-latin.conf
/etc/fonts/conf.d/20-unhint-small-dejavu-lgc-sans.conf
/etc/fonts/conf.d/45-latin.conf
/etc/fonts/conf.d/20-unhint-small-dejavu-sans-mono.conf
/etc/fonts/conf.d/65-fonts-persian.conf
/etc/fonts/conf.d/49-sansserif.conf
/etc/fonts/conf.d/90-synthetic.conf
/etc/fonts/conf.d/20-unhint-small-dejavu-lgc-serif.conf
/etc/fonts/conf.d/57-dejavu-sans-mono.conf
/etc/fonts/conf.d/10-scale-bitmap-fonts.conf
/etc/fonts/conf.d/60-generic.conf
/etc/fonts/conf.d/57-dejavu-sans.conf
/etc/fonts/conf.d/50-user.conf
/etc/fonts/conf.d/57-dejavu-serif.conf
/etc/fonts/conf.d/80-delicious.conf
/etc/fonts/conf.d/10-hinting-slight.conf
/etc/fonts/conf.d/70-no-bitmaps.conf
/etc/fonts/conf.d/65-nonlatin.conf
/etc/fonts/conf.d/58-dejavu-lgc-sans.conf
/etc/fonts/fonts.conf
22:00:51 - Proceso finalizado 
