22:01:02 - Inicia el proceso de backup.
22:01:02 - ARCHIVO DESTINO: /root/vgtp/u02_bkp_20230601.tar.gz.
22:01:02 - Archivo Log: /root/vgtp/u02_bkp_20230601.log.
22:01:02 - Comprimiendo archivo: 
/u02/
/u02/undo_001
/u02/binlog.000005
/u02/binlog.000004
/u02/undo_002
/u02/lost+found/
/u02/ca-key.pem
/u02/#ib_16384_0.dblwr
/u02/auto.cnf
/u02/private_key.pem
/u02/public_key.pem
/u02/client-cert.pem
/u02/ibdata1
/u02/server-cert.pem
/u02/binlog.index
/u02/#ib_16384_1.dblwr
/u02/mysql/
/u02/mysql/general_log_213.sdi
/u02/mysql/general_log.CSV
/u02/mysql/slow_log.CSM
/u02/mysql/slow_log.CSV
/u02/mysql/general_log.CSM
/u02/mysql/slow_log_214.sdi
/u02/ibtmp1
/u02/sys/
/u02/sys/sys_config.ibd
/u02/performance_schema/
/u02/performance_schema/session_status_182.sdi
/u02/performance_schema/cond_instances_82.sdi
/u02/performance_schema/replication_asyn_173.sdi
/u02/performance_schema/global_status_181.sdi
/u02/performance_schema/events_statement_122.sdi
/u02/performance_schema/events_statement_129.sdi
/u02/performance_schema/events_errors_su_139.sdi
/u02/performance_schema/user_variables_b_176.sdi
/u02/performance_schema/replication_grou_169.sdi
/u02/performance_schema/rwlock_instances_101.sdi
/u02/performance_schema/events_statement_123.sdi
/u02/performance_schema/events_stages_cu_111.sdi
/u02/performance_schema/events_stages_su_115.sdi
/u02/performance_schema/events_waits_sum_87.sdi
/u02/performance_schema/events_transacti_136.sdi
/u02/performance_schema/events_errors_su_141.sdi
/u02/performance_schema/threads_110.sdi
/u02/performance_schema/status_by_thread_179.sdi
/u02/performance_schema/memory_summary_b_156.sdi
/u02/performance_schema/events_statement_127.sdi
/u02/performance_schema/memory_summary_b_155.sdi
/u02/performance_schema/events_waits_his_85.sdi
/u02/performance_schema/replication_appl_168.sdi
/u02/performance_schema/events_statement_124.sdi
/u02/performance_schema/events_transacti_131.sdi
/u02/performance_schema/table_io_waits_s_107.sdi
/u02/performance_schema/keyring_keys_152.sdi
/u02/performance_schema/replication_conn_162.sdi
/u02/performance_schema/metadata_locks_159.sdi
/u02/performance_schema/performance_time_99.sdi
/u02/performance_schema/events_transacti_137.sdi
/u02/performance_schema/host_cache_96.sdi
/u02/performance_schema/processlist_100.sdi
/u02/performance_schema/binary_log_trans_189.sdi
/u02/performance_schema/replication_appl_171.sdi
/u02/performance_schema/events_transacti_132.sdi
/u02/performance_schema/events_stages_su_114.sdi
/u02/performance_schema/persisted_variab_187.sdi
/u02/performance_schema/events_statement_126.sdi
/u02/performance_schema/table_lock_waits_109.sdi
/u02/performance_schema/tls_channel_stat_190.sdi
/u02/performance_schema/file_instances_93.sdi
/u02/performance_schema/setup_actors_102.sdi
/u02/performance_schema/events_transacti_135.sdi
/u02/performance_schema/events_transacti_138.sdi
/u02/performance_schema/events_waits_sum_91.sdi
/u02/performance_schema/mutex_instances_97.sdi
/u02/performance_schema/events_statement_130.sdi
/u02/performance_schema/file_summary_by__94.sdi
/u02/performance_schema/events_waits_sum_92.sdi
/u02/performance_schema/events_waits_cur_84.sdi
/u02/performance_schema/session_account__151.sdi
/u02/performance_schema/events_statement_119.sdi
/u02/performance_schema/file_summary_by__95.sdi
/u02/performance_schema/status_by_host_178.sdi
/u02/performance_schema/user_defined_fun_188.sdi
/u02/performance_schema/replication_appl_165.sdi
/u02/performance_schema/memory_summary_b_154.sdi
/u02/performance_schema/status_by_user_180.sdi
/u02/performance_schema/events_stages_hi_112.sdi
/u02/performance_schema/hosts_146.sdi
/u02/performance_schema/events_transacti_134.sdi
/u02/performance_schema/variables_info_186.sdi
/u02/performance_schema/socket_summary_b_148.sdi
/u02/performance_schema/events_stages_su_118.sdi
/u02/performance_schema/events_waits_sum_89.sdi
/u02/performance_schema/variables_by_thr_183.sdi
/u02/performance_schema/socket_summary_b_149.sdi
/u02/performance_schema/events_stages_su_117.sdi
/u02/performance_schema/keyring_componen_191.sdi
/u02/performance_schema/events_waits_his_86.sdi
/u02/performance_schema/replication_asyn_172.sdi
/u02/performance_schema/memory_summary_b_157.sdi
/u02/performance_schema/events_waits_sum_90.sdi
/u02/performance_schema/session_connect__150.sdi
/u02/performance_schema/events_statement_125.sdi
/u02/performance_schema/objects_summary__98.sdi
/u02/performance_schema/events_errors_su_142.sdi
/u02/performance_schema/socket_instances_147.sdi
/u02/performance_schema/setup_threads_106.sdi
/u02/performance_schema/accounts_145.sdi
/u02/performance_schema/global_variables_184.sdi
/u02/performance_schema/replication_appl_166.sdi
/u02/performance_schema/setup_objects_105.sdi
/u02/performance_schema/events_stages_su_116.sdi
/u02/performance_schema/replication_grou_163.sdi
/u02/performance_schema/events_statement_128.sdi
/u02/performance_schema/replication_conn_164.sdi
/u02/performance_schema/status_by_accoun_177.sdi
/u02/performance_schema/events_waits_sum_88.sdi
/u02/performance_schema/data_locks_160.sdi
/u02/performance_schema/setup_consumers_103.sdi
/u02/performance_schema/prepared_stateme_175.sdi
/u02/performance_schema/setup_instrument_104.sdi
/u02/performance_schema/events_statement_120.sdi
/u02/performance_schema/events_errors_su_143.sdi
/u02/performance_schema/memory_summary_g_153.sdi
/u02/performance_schema/table_handles_158.sdi
/u02/performance_schema/events_statement_121.sdi
/u02/performance_schema/table_io_waits_s_108.sdi
/u02/performance_schema/session_variable_185.sdi
/u02/performance_schema/events_stages_hi_113.sdi
/u02/performance_schema/users_144.sdi
/u02/performance_schema/events_errors_su_140.sdi
/u02/performance_schema/replication_appl_170.sdi
/u02/performance_schema/log_status_174.sdi
/u02/performance_schema/data_lock_waits_161.sdi
/u02/performance_schema/events_transacti_133.sdi
/u02/performance_schema/error_log_83.sdi
/u02/performance_schema/replication_appl_167.sdi
/u02/ca.pem
/u02/#innodb_redo/
/u02/#innodb_redo/#ib_redo27_tmp
/u02/#innodb_redo/#ib_redo24_tmp
/u02/#innodb_redo/#ib_redo22_tmp
/u02/#innodb_redo/#ib_redo9_tmp
/u02/#innodb_redo/#ib_redo30_tmp
/u02/#innodb_redo/#ib_redo34_tmp
/u02/#innodb_redo/#ib_redo16_tmp
/u02/#innodb_redo/#ib_redo18_tmp
/u02/#innodb_redo/#ib_redo29_tmp
/u02/#innodb_redo/#ib_redo17_tmp
/u02/#innodb_redo/#ib_redo36_tmp
/u02/#innodb_redo/#ib_redo5
/u02/#innodb_redo/#ib_redo33_tmp
/u02/#innodb_redo/#ib_redo14_tmp
/u02/#innodb_redo/#ib_redo26_tmp
/u02/#innodb_redo/#ib_redo10_tmp
/u02/#innodb_redo/#ib_redo23_tmp
/u02/#innodb_redo/#ib_redo21_tmp
/u02/#innodb_redo/#ib_redo28_tmp
/u02/#innodb_redo/#ib_redo13_tmp
/u02/#innodb_redo/#ib_redo31_tmp
/u02/#innodb_redo/#ib_redo12_tmp
/u02/#innodb_redo/#ib_redo25_tmp
/u02/#innodb_redo/#ib_redo20_tmp
/u02/#innodb_redo/#ib_redo11_tmp
/u02/#innodb_redo/#ib_redo15_tmp
/u02/#innodb_redo/#ib_redo19_tmp
/u02/#innodb_redo/#ib_redo6
/u02/#innodb_redo/#ib_redo32_tmp
/u02/#innodb_redo/#ib_redo8_tmp
/u02/#innodb_redo/#ib_redo7_tmp
/u02/#innodb_redo/#ib_redo35_tmp
/u02/client-key.pem
/u02/debian1.pid
/u02/binlog.000003
/u02/binlog.000002
/u02/ingenieria/
/u02/ingenieria/notas.ibd
/u02/ingenieria/alumnos.ibd
/u02/ingenieria/modulos.ibd
/u02/mysql.ibd
/u02/ib_buffer_pool
/u02/binlog.000001
/u02/#innodb_temp/
/u02/#innodb_temp/temp_8.ibt
/u02/#innodb_temp/temp_4.ibt
/u02/#innodb_temp/temp_5.ibt
/u02/#innodb_temp/temp_3.ibt
/u02/#innodb_temp/temp_7.ibt
/u02/#innodb_temp/temp_2.ibt
/u02/#innodb_temp/temp_9.ibt
/u02/#innodb_temp/temp_1.ibt
/u02/#innodb_temp/temp_10.ibt
/u02/#innodb_temp/temp_6.ibt
/u02/server-key.pem
22:01:03 - Proceso finalizado 
